<?xml version="1.0" encoding="UTF-8"?>
<coverage generated="1590171885729" clover="3.2.0">
  <project timestamp="1590171885729" name="All files">
    <metrics statements="37" coveredstatements="37" conditionals="16" coveredconditionals="16" methods="7" coveredmethods="7" elements="60" coveredelements="60" complexity="0" loc="37" ncloc="37" packages="1" files="2" classes="2"/>
    <file name="Generator.js" path="D:\projects\js\published\dflex\packages\dom-gen\src\Generator.js">
      <metrics statements="36" coveredstatements="36" conditionals="16" coveredconditionals="16" methods="6" coveredmethods="6"/>
      <line num="15" count="2" type="stmt"/>
      <line num="25" count="2" type="stmt"/>
      <line num="27" count="2" type="stmt"/>
      <line num="29" count="2" type="stmt"/>
      <line num="52" count="7" type="cond" truecount="2" falsecount="0"/>
      <line num="53" count="4" type="stmt"/>
      <line num="60" count="7" type="cond" truecount="2" falsecount="0"/>
      <line num="61" count="2" type="stmt"/>
      <line num="64" count="7" type="cond" truecount="2" falsecount="0"/>
      <line num="65" count="4" type="stmt"/>
      <line num="78" count="10" type="stmt"/>
      <line num="83" count="10" type="cond" truecount="2" falsecount="0"/>
      <line num="84" count="7" type="stmt"/>
      <line num="89" count="3" type="cond" truecount="2" falsecount="0"/>
      <line num="90" count="2" type="stmt"/>
      <line num="92" count="2" type="stmt"/>
      <line num="93" count="2" type="stmt"/>
      <line num="96" count="3" type="stmt"/>
      <line num="99" count="10" type="stmt"/>
      <line num="110" count="6" type="stmt"/>
      <line num="121" count="1" type="stmt"/>
      <line num="135" count="10" type="cond" truecount="2" falsecount="0"/>
      <line num="136" count="7" type="stmt"/>
      <line num="142" count="10" type="stmt"/>
      <line num="147" count="10" type="stmt"/>
      <line num="148" count="10" type="stmt"/>
      <line num="150" count="10" type="stmt"/>
      <line num="152" count="10" type="cond" truecount="2" falsecount="0"/>
      <line num="156" count="3" type="stmt"/>
      <line num="159" count="10" type="stmt"/>
      <line num="161" count="10" type="stmt"/>
      <line num="162" count="10" type="stmt"/>
      <line num="164" count="10" type="stmt"/>
      <line num="166" count="10" type="stmt"/>
      <line num="172" count="10" type="stmt"/>
      <line num="177" count="10" type="stmt"/>
    </file>
    <file name="utils.js" path="D:\projects\js\published\dflex\packages\dom-gen\src\utils.js">
      <metrics statements="1" coveredstatements="1" conditionals="0" coveredconditionals="0" methods="1" coveredmethods="1"/>
      <line num="14" count="22" type="stmt"/>
    </file>
  </project>
</coverage>
