{"D:\\projects\\js\\published\\dflex\\packages\\dom-gen\\src\\Generator.js": {"path":"D:\\projects\\js\\published\\dflex\\packages\\dom-gen\\src\\Generator.js","statementMap":{"0":{"start":{"line":15,"column":4},"end":{"line":15,"column":24}},"1":{"start":{"line":25,"column":4},"end":{"line":25,"column":23}},"2":{"start":{"line":27,"column":4},"end":{"line":27,"column":25}},"3":{"start":{"line":29,"column":4},"end":{"line":29,"column":32}},"4":{"start":{"line":52,"column":4},"end":{"line":54,"column":5}},"5":{"start":{"line":53,"column":6},"end":{"line":53,"column":30}},"6":{"start":{"line":60,"column":4},"end":{"line":62,"column":5}},"7":{"start":{"line":61,"column":6},"end":{"line":61,"column":33}},"8":{"start":{"line":64,"column":4},"end":{"line":66,"column":5}},"9":{"start":{"line":65,"column":6},"end":{"line":65,"column":33}},"10":{"start":{"line":78,"column":20},"end":{"line":78,"column":21}},"11":{"start":{"line":83,"column":4},"end":{"line":97,"column":5}},"12":{"start":{"line":84,"column":6},"end":{"line":84,"column":29}},"13":{"start":{"line":89,"column":6},"end":{"line":94,"column":7}},"14":{"start":{"line":90,"column":23},"end":{"line":90,"column":40}},"15":{"start":{"line":92,"column":8},"end":{"line":92,"column":31}},"16":{"start":{"line":93,"column":8},"end":{"line":93,"column":39}},"17":{"start":{"line":96,"column":6},"end":{"line":96,"column":49}},"18":{"start":{"line":99,"column":4},"end":{"line":99,"column":21}},"19":{"start":{"line":110,"column":4},"end":{"line":110,"column":29}},"20":{"start":{"line":121,"column":4},"end":{"line":121,"column":31}},"21":{"start":{"line":135,"column":4},"end":{"line":137,"column":5}},"22":{"start":{"line":136,"column":6},"end":{"line":136,"column":33}},"23":{"start":{"line":142,"column":24},"end":{"line":142,"column":49}},"24":{"start":{"line":147,"column":24},"end":{"line":147,"column":50}},"25":{"start":{"line":148,"column":22},"end":{"line":148,"column":66}},"26":{"start":{"line":150,"column":22},"end":{"line":150,"column":57}},"27":{"start":{"line":152,"column":4},"end":{"line":157,"column":5}},"28":{"start":{"line":156,"column":6},"end":{"line":156,"column":28}},"29":{"start":{"line":159,"column":4},"end":{"line":159,"column":27}},"30":{"start":{"line":161,"column":24},"end":{"line":161,"column":36}},"31":{"start":{"line":162,"column":4},"end":{"line":162,"column":31}},"32":{"start":{"line":164,"column":4},"end":{"line":164,"column":31}},"33":{"start":{"line":166,"column":17},"end":{"line":170,"column":5}},"34":{"start":{"line":172,"column":18},"end":{"line":175,"column":5}},"35":{"start":{"line":177,"column":4},"end":{"line":177,"column":27}}},"fnMap":{"0":{"name":"(anonymous_0)","decl":{"start":{"line":10,"column":2},"end":{"line":10,"column":3}},"loc":{"start":{"line":10,"column":16},"end":{"line":30,"column":3}},"line":10},"1":{"name":"(anonymous_1)","decl":{"start":{"line":38,"column":2},"end":{"line":38,"column":3}},"loc":{"start":{"line":38,"column":21},"end":{"line":67,"column":3}},"line":38},"2":{"name":"(anonymous_2)","decl":{"start":{"line":77,"column":2},"end":{"line":77,"column":3}},"loc":{"start":{"line":77,"column":24},"end":{"line":100,"column":3}},"line":77},"3":{"name":"(anonymous_3)","decl":{"start":{"line":109,"column":2},"end":{"line":109,"column":3}},"loc":{"start":{"line":109,"column":19},"end":{"line":111,"column":3}},"line":109},"4":{"name":"(anonymous_4)","decl":{"start":{"line":120,"column":2},"end":{"line":120,"column":3}},"loc":{"start":{"line":120,"column":27},"end":{"line":122,"column":3}},"line":120},"5":{"name":"(anonymous_5)","decl":{"start":{"line":134,"column":2},"end":{"line":134,"column":3}},"loc":{"start":{"line":134,"column":27},"end":{"line":178,"column":3}},"line":134}},"branchMap":{"0":{"loc":{"start":{"line":52,"column":4},"end":{"line":54,"column":5}},"type":"if","locations":[{"start":{"line":52,"column":4},"end":{"line":54,"column":5}},{"start":{"line":52,"column":4},"end":{"line":54,"column":5}}],"line":52},"1":{"loc":{"start":{"line":60,"column":4},"end":{"line":62,"column":5}},"type":"if","locations":[{"start":{"line":60,"column":4},"end":{"line":62,"column":5}},{"start":{"line":60,"column":4},"end":{"line":62,"column":5}}],"line":60},"2":{"loc":{"start":{"line":64,"column":4},"end":{"line":66,"column":5}},"type":"if","locations":[{"start":{"line":64,"column":4},"end":{"line":66,"column":5}},{"start":{"line":64,"column":4},"end":{"line":66,"column":5}}],"line":64},"3":{"loc":{"start":{"line":83,"column":4},"end":{"line":97,"column":5}},"type":"if","locations":[{"start":{"line":83,"column":4},"end":{"line":97,"column":5}},{"start":{"line":83,"column":4},"end":{"line":97,"column":5}}],"line":83},"4":{"loc":{"start":{"line":89,"column":6},"end":{"line":94,"column":7}},"type":"if","locations":[{"start":{"line":89,"column":6},"end":{"line":94,"column":7}},{"start":{"line":89,"column":6},"end":{"line":94,"column":7}}],"line":89},"5":{"loc":{"start":{"line":135,"column":4},"end":{"line":137,"column":5}},"type":"if","locations":[{"start":{"line":135,"column":4},"end":{"line":137,"column":5}},{"start":{"line":135,"column":4},"end":{"line":137,"column":5}}],"line":135},"6":{"loc":{"start":{"line":152,"column":4},"end":{"line":157,"column":5}},"type":"if","locations":[{"start":{"line":152,"column":4},"end":{"line":157,"column":5}},{"start":{"line":152,"column":4},"end":{"line":157,"column":5}}],"line":152},"7":{"loc":{"start":{"line":169,"column":11},"end":{"line":169,"column":43}},"type":"cond-expr","locations":[{"start":{"line":169,"column":25},"end":{"line":169,"column":29}},{"start":{"line":169,"column":32},"end":{"line":169,"column":43}}],"line":169}},"s":{"0":2,"1":2,"2":2,"3":2,"4":7,"5":4,"6":7,"7":2,"8":7,"9":4,"10":10,"11":10,"12":7,"13":3,"14":2,"15":2,"16":2,"17":3,"18":10,"19":6,"20":1,"21":10,"22":7,"23":10,"24":10,"25":10,"26":10,"27":10,"28":3,"29":10,"30":10,"31":10,"32":10,"33":10,"34":10,"35":10},"f":{"0":2,"1":7,"2":10,"3":6,"4":1,"5":10},"b":{"0":[4,3],"1":[2,5],"2":[4,3],"3":[7,3],"4":[2,1],"5":[7,3],"6":[3,7],"7":[4,6]},"_coverageSchema":"1a1c01bbd47fc00a2c39e90264f33305004495a9","hash":"68823cd67884d158d047fffe7634c6fa7ff744b7"}
,"D:\\projects\\js\\published\\dflex\\packages\\dom-gen\\src\\utils.js": {"path":"D:\\projects\\js\\published\\dflex\\packages\\dom-gen\\src\\utils.js","statementMap":{"0":{"start":{"line":14,"column":2},"end":{"line":14,"column":22}}},"fnMap":{"0":{"name":"genKey","decl":{"start":{"line":13,"column":9},"end":{"line":13,"column":15}},"loc":{"start":{"line":13,"column":23},"end":{"line":15,"column":1}},"line":13}},"branchMap":{},"s":{"0":22},"f":{"0":22},"b":{},"_coverageSchema":"1a1c01bbd47fc00a2c39e90264f33305004495a9","hash":"9b3337cec08aed4be84c4d508328075b426179af"}
}
