TN:
SF:packages\dom-gen\src\Generator.js
FN:10,(anonymous_0)
FN:38,(anonymous_1)
FN:77,(anonymous_2)
FN:109,(anonymous_3)
FN:120,(anonymous_4)
FN:134,(anonymous_5)
FNF:6
FNH:6
FNDA:2,(anonymous_0)
FNDA:7,(anonymous_1)
FNDA:10,(anonymous_2)
FNDA:6,(anonymous_3)
FNDA:1,(anonymous_4)
FNDA:10,(anonymous_5)
DA:15,2
DA:25,2
DA:27,2
DA:29,2
DA:52,7
DA:53,4
DA:60,7
DA:61,2
DA:64,7
DA:65,4
DA:78,10
DA:83,10
DA:84,7
DA:89,3
DA:90,2
DA:92,2
DA:93,2
DA:96,3
DA:99,10
DA:110,6
DA:121,1
DA:135,10
DA:136,7
DA:142,10
DA:147,10
DA:148,10
DA:150,10
DA:152,10
DA:156,3
DA:159,10
DA:161,10
DA:162,10
DA:164,10
DA:166,10
DA:172,10
DA:177,10
LF:36
LH:36
BRDA:52,0,0,4
BRDA:52,0,1,3
BRDA:60,1,0,2
BRDA:60,1,1,5
BRDA:64,2,0,4
BRDA:64,2,1,3
BRDA:83,3,0,7
BRDA:83,3,1,3
BRDA:89,4,0,2
BRDA:89,4,1,1
BRDA:135,5,0,7
BRDA:135,5,1,3
BRDA:152,6,0,3
BRDA:152,6,1,7
BRDA:169,7,0,4
BRDA:169,7,1,6
BRF:16
BRH:16
end_of_record
TN:
SF:packages\dom-gen\src\utils.js
FN:13,genKey
FNF:1
FNH:1
FNDA:22,genKey
DA:14,22
LF:1
LH:1
BRF:0
BRH:0
end_of_record
TN:
SF:packages\store\src\Store.js
FN:11,(anonymous_0)
FN:26,(anonymous_1)
FN:41,(anonymous_2)
FN:59,(anonymous_3)
FNF:4
FNH:4
FNDA:1,(anonymous_0)
FNDA:4,(anonymous_1)
FNDA:3,(anonymous_2)
FNDA:1,(anonymous_3)
DA:12,1
DA:17,1
DA:27,4
DA:29,4
DA:31,4
DA:42,3
DA:60,1
DA:65,1
DA:70,1
DA:71,1
DA:76,1
DA:77,1
DA:78,1
DA:79,1
DA:82,1
LF:15
LH:15
BRDA:77,0,0,1
BRDA:77,0,1,0
BRDA:78,1,0,0
BRDA:78,1,1,1
BRF:4
BRH:2
end_of_record
TN:
SF:packages\store\src\index.js
FNF:0
FNH:0
LF:0
LH:0
BRF:0
BRH:0
end_of_record
